<?xml version="1.0" encoding="UTF-8"?>
<robot generator="Robot 6.1.1 (Python 3.11.5 on win32)" generated="20231101 08:29:57.643" rpa="false" schemaversion="4">
<suite id="s1" name="Amazon Testes" source="c:\Users\ana.oliveira\Documents\CursoUdemy\RobotFramework\WebTesting\amazon_testes.robot">
<test id="s1-t1" name="Caso de Teste 04 - Remover Produto do Carrinho" line="41">
<kw name="Abrir o navegador" library="amazon_resources" type="SETUP">
<kw name="Open Browser" library="SeleniumLibrary">
<arg>browser=${BROWSER}</arg>
<doc>Opens a new browser instance to the optional ``url``.</doc>
<msg timestamp="20231101 08:30:00.499" level="INFO">Opening browser 'chrome' to base url 'None'.</msg>
<msg timestamp="20231101 08:30:05.793" level="WARN">The chromedriver version (117.0.5938.88) detected in PATH at C:\Users\ana.oliveira\Downloads\chromedriver\chromedriver-win32\chromedriver-win32\chromedriver.exe might not be compatible with the detected chrome version (118.0.5993.118); currently, chromedriver 118.0.5993.70 is recommended for chrome 118.*, so it is advised to delete the driver in PATH and retry</msg>
<status status="PASS" starttime="20231101 08:30:00.499" endtime="20231101 08:30:13.233"/>
</kw>
<kw name="Maximize Browser Window" library="SeleniumLibrary">
<doc>Maximizes current browser window.</doc>
<status status="PASS" starttime="20231101 08:30:13.233" endtime="20231101 08:30:13.394"/>
</kw>
<status status="PASS" starttime="20231101 08:30:00.499" endtime="20231101 08:30:13.394"/>
</kw>
<kw name="Acessar a home page do site Amazon.com.br" library="amazon_resources">
<kw name="Go To" library="SeleniumLibrary">
<arg>url=${URL}</arg>
<doc>Navigates the current browser window to the provided ``url``.</doc>
<msg timestamp="20231101 08:30:13.397" level="INFO">Opening url 'http://www.amazon.com.br'</msg>
<status status="PASS" starttime="20231101 08:30:13.396" endtime="20231101 08:30:17.179"/>
</kw>
<kw name="Wait Until Element Is Visible" library="SeleniumLibrary">
<arg>locator=${MENU_LIVROS}</arg>
<doc>Waits until the element ``locator`` is visible.</doc>
<status status="PASS" starttime="20231101 08:30:17.179" endtime="20231101 08:30:17.634"/>
</kw>
<status status="PASS" starttime="20231101 08:30:13.395" endtime="20231101 08:30:17.635"/>
</kw>
<kw name="Digitar o nome de produto &quot;Uma Lagarta Muito Comilona&quot; no campo de pesquisa" library="amazon_resources" sourcename="Digitar o nome de produto &quot;${PRODUTO}&quot; no campo de pesquisa">
<kw name="Input Text" library="SeleniumLibrary">
<arg>locator=twotabsearchtextbox</arg>
<arg>text=${PRODUTO}</arg>
<doc>Types the given ``text`` into the text field identified by ``locator``.</doc>
<msg timestamp="20231101 08:30:17.639" level="INFO">Typing text 'Uma Lagarta Muito Comilona' into text field 'twotabsearchtextbox'.</msg>
<status status="PASS" starttime="20231101 08:30:17.637" endtime="20231101 08:30:18.054"/>
</kw>
<status status="PASS" starttime="20231101 08:30:17.636" endtime="20231101 08:30:18.055"/>
</kw>
<kw name="Clicar no botão de pesquisa" library="amazon_resources">
<kw name="Click Element" library="SeleniumLibrary">
<arg>locator=nav-search-submit-button</arg>
<doc>Click the element identified by ``locator``.</doc>
<msg timestamp="20231101 08:30:18.059" level="INFO">Clicking element 'nav-search-submit-button'.</msg>
<status status="PASS" starttime="20231101 08:30:18.058" endtime="20231101 08:30:19.647"/>
</kw>
<status status="PASS" starttime="20231101 08:30:18.057" endtime="20231101 08:30:19.648"/>
</kw>
<kw name="Verificar o resultado da pesquisa, se está listando o produto &quot;Uma Lagarta Muito Comilona&quot;" library="amazon_resources" sourcename="Verificar o resultado da pesquisa, se está listando o produto &quot;${PRODUTO}&quot;">
<kw name="Wait Until Element Is Visible" library="SeleniumLibrary">
<arg>locator=(//span[contains(.,'${PRODUTO}')])[4]</arg>
<doc>Waits until the element ``locator`` is visible.</doc>
<status status="PASS" starttime="20231101 08:30:19.649" endtime="20231101 08:30:19.715"/>
</kw>
<status status="PASS" starttime="20231101 08:30:19.649" endtime="20231101 08:30:19.715"/>
</kw>
<kw name="Adicionar o produto &quot;Uma Lagarta Muito Comilona&quot; no carrinho" library="amazon_resources" sourcename="Adicionar o produto &quot;${PRODUTO}&quot; no carrinho">
<kw name="Click Element" library="SeleniumLibrary">
<arg>locator=${LIVRO-LARG1}</arg>
<doc>Click the element identified by ``locator``.</doc>
<msg timestamp="20231101 08:30:19.717" level="INFO">Clicking element '(//span[contains(@class,'a-size-base-plus a-color-base a-text-normal')])[1]'.</msg>
<status status="PASS" starttime="20231101 08:30:19.717" endtime="20231101 08:30:22.996"/>
</kw>
<kw name="Wait Until Element Is Visible" library="SeleniumLibrary">
<arg>locator=${BTN_ADD_CARRINHO}</arg>
<doc>Waits until the element ``locator`` is visible.</doc>
<status status="PASS" starttime="20231101 08:30:22.996" endtime="20231101 08:30:23.022"/>
</kw>
<kw name="Click Button" library="SeleniumLibrary">
<arg>locator=${BTN_ADD_CARRINHO}</arg>
<doc>Clicks the button identified by ``locator``.</doc>
<msg timestamp="20231101 08:30:23.022" level="INFO">Clicking button '//input[@id='add-to-cart-button']'.</msg>
<status status="PASS" starttime="20231101 08:30:23.022" endtime="20231101 08:30:24.454"/>
</kw>
<status status="PASS" starttime="20231101 08:30:19.716" endtime="20231101 08:30:24.455"/>
</kw>
<kw name="Verificar se o produto &quot;Uma Lagarta Muito Comilona&quot; foi adicionado com sucesso" library="amazon_resources" sourcename="Verificar se o produto &quot;${PRODUTO}&quot; foi adicionado com sucesso">
<kw name="Wait Until Element Is Visible" library="SeleniumLibrary">
<arg>locator=${CONFIRMANDO}</arg>
<doc>Waits until the element ``locator`` is visible.</doc>
<status status="PASS" starttime="20231101 08:30:24.457" endtime="20231101 08:30:24.516"/>
</kw>
<status status="PASS" starttime="20231101 08:30:24.456" endtime="20231101 08:30:24.516"/>
</kw>
<kw name="Remover o produto &quot;Uma Lagarta Muito Comilona&quot; do carrinho" library="amazon_resources">
<kw name="Click Element" library="SeleniumLibrary">
<arg>locator=${EXCLUIR_PRODUTO}</arg>
<doc>Click the element identified by ``locator``.</doc>
<msg timestamp="20231101 08:30:24.519" level="INFO">Clicking element '(//input[@class='a-button-input'])[1]'.</msg>
<status status="PASS" starttime="20231101 08:30:24.518" endtime="20231101 08:30:25.862"/>
</kw>
<status status="PASS" starttime="20231101 08:30:24.517" endtime="20231101 08:30:25.862"/>
</kw>
<kw name="Verificar se o carrinho fica vazio" library="amazon_resources">
<kw name="Wait Until Element Is Visible" library="SeleniumLibrary">
<arg>locator=${CARRINHO_VAZIO}</arg>
<doc>Waits until the element ``locator`` is visible.</doc>
<msg timestamp="20231101 08:30:31.028" level="INFO" html="true">&lt;/td&gt;&lt;/tr&gt;&lt;tr&gt;&lt;td colspan="3"&gt;&lt;a href="selenium-screenshot-37.png"&gt;&lt;img src="selenium-screenshot-37.png" width="800px"&gt;&lt;/a&gt;</msg>
<msg timestamp="20231101 08:30:31.029" level="FAIL">Element '//span[contains(@class,'nav-cart-icon nav-sprite')]' not visible after 5 seconds.</msg>
<status status="FAIL" starttime="20231101 08:30:25.864" endtime="20231101 08:30:31.094"/>
</kw>
<status status="FAIL" starttime="20231101 08:30:25.863" endtime="20231101 08:30:31.095"/>
</kw>
<kw name="Verificar valor do carrinho" library="amazon_resources">
<status status="NOT RUN" starttime="20231101 08:30:31.096" endtime="20231101 08:30:31.097"/>
</kw>
<kw name="Fechar o navegador" library="amazon_resources" type="TEARDOWN">
<kw name="Capture Page Screenshot" library="SeleniumLibrary">
<doc>Takes a screenshot of the current page and embeds it into a log file.</doc>
<msg timestamp="20231101 08:30:31.219" level="INFO" html="true">&lt;/td&gt;&lt;/tr&gt;&lt;tr&gt;&lt;td colspan="3"&gt;&lt;a href="selenium-screenshot-38.png"&gt;&lt;img src="selenium-screenshot-38.png" width="800px"&gt;&lt;/a&gt;</msg>
<status status="PASS" starttime="20231101 08:30:31.099" endtime="20231101 08:30:31.219"/>
</kw>
<kw name="Close Browser" library="SeleniumLibrary">
<doc>Closes the current browser.</doc>
<status status="PASS" starttime="20231101 08:30:31.220" endtime="20231101 08:30:33.775"/>
</kw>
<status status="PASS" starttime="20231101 08:30:31.098" endtime="20231101 08:30:33.776"/>
</kw>
<doc>Esse teste verifica a remoção de um produto no carrinho de compras</doc>
<tag>remover_carrinho</tag>
<status status="FAIL" starttime="20231101 08:30:00.487" endtime="20231101 08:30:33.777">Element '//span[contains(@class,'nav-cart-icon nav-sprite')]' not visible after 5 seconds.</status>
</test>
<doc>Essa suite testa o site da Amazon.com.br</doc>
<status status="FAIL" starttime="20231101 08:29:57.696" endtime="20231101 08:30:33.780"/>
</suite>
<statistics>
<total>
<stat pass="0" fail="1" skip="0">All Tests</stat>
</total>
<tag>
<stat pass="0" fail="1" skip="0">remover_carrinho</stat>
</tag>
<suite>
<stat pass="0" fail="1" skip="0" id="s1" name="Amazon Testes">Amazon Testes</stat>
</suite>
</statistics>
<errors>
<msg timestamp="20231101 08:30:05.793" level="WARN">The chromedriver version (117.0.5938.88) detected in PATH at C:\Users\ana.oliveira\Downloads\chromedriver\chromedriver-win32\chromedriver-win32\chromedriver.exe might not be compatible with the detected chrome version (118.0.5993.118); currently, chromedriver 118.0.5993.70 is recommended for chrome 118.*, so it is advised to delete the driver in PATH and retry</msg>
</errors>
</robot>
